<?xml version="1.0" encoding="UTF-8"?>
<testsuite xmlns:xsi="http://www.w3.org/2001/XMLSchema-instance" xsi:noNamespaceSchemaLocation="https://maven.apache.org/surefire/maven-surefire-plugin/xsd/surefire-test-report-3.0.xsd" version="3.0" name="testrunners.TestRunner" time="70.139" tests="1" errors="0" skipped="0" failures="1">
  <properties>
[...]
</properties>
  <testcase name="null on testrunners.TestRunner" classname="testrunners.TestRunner" time="70.038">
    <failure message="java.net.ConnectException: Connection timed out: connect" type="java.lang.RuntimeException"><![CDATA[java.lang.RuntimeException: java.net.ConnectException: Connection timed out: connect
	at io.cucumber.core.plugin.MessageFormatter.writeMessage(MessageFormatter.java:36)
	at io.cucumber.core.eventbus.AbstractEventPublisher.send(AbstractEventPublisher.java:51)
	at io.cucumber.core.eventbus.AbstractEventBus.send(AbstractEventBus.java:12)
	at io.cucumber.core.runtime.CucumberExecutionContext.emitTestRunFinished(CucumberExecutionContext.java:102)
	at io.cucumber.core.runtime.CucumberExecutionContext.finishTestRun(CucumberExecutionContext.java:74)
	at io.cucumber.junit.Cucumber$RunCucumber.evaluate(Cucumber.java:236)
	at org.junit.runners.ParentRunner$3.evaluate(ParentRunner.java:306)
	at org.junit.runners.ParentRunner.run(ParentRunner.java:413)
	at org.junit.runner.JUnitCore.run(JUnitCore.java:137)
	at org.junit.runner.JUnitCore.run(JUnitCore.java:115)
	at org.testng.junit.JUnit4TestRunner.start(JUnit4TestRunner.java:82)
	at org.testng.junit.JUnit4TestRunner.run(JUnit4TestRunner.java:70)
	at org.testng.TestRunner$1.run(TestRunner.java:570)
	at org.testng.TestRunner.runJUnitWorkers(TestRunner.java:717)
	at org.testng.TestRunner.privateRunJUnit(TestRunner.java:601)
	at org.testng.TestRunner.run(TestRunner.java:502)
	at org.testng.SuiteRunner.runTest(SuiteRunner.java:455)
	at org.testng.SuiteRunner.runSequentially(SuiteRunner.java:450)
	at org.testng.SuiteRunner.privateRun(SuiteRunner.java:415)
	at org.testng.SuiteRunner.run(SuiteRunner.java:364)
	at org.testng.SuiteRunnerWorker.runSuite(SuiteRunnerWorker.java:52)
	at org.testng.SuiteRunnerWorker.run(SuiteRunnerWorker.java:84)
	at org.testng.TestNG.runSuitesSequentially(TestNG.java:1208)
	at org.testng.TestNG.runSuitesLocally(TestNG.java:1137)
	at org.testng.TestNG.runSuites(TestNG.java:1049)
	at org.testng.TestNG.run(TestNG.java:1017)
	at org.apache.maven.surefire.testng.TestNGExecutor.run(TestNGExecutor.java:151)
	at org.apache.maven.surefire.testng.TestNGDirectoryTestSuite.executeSingleClass(TestNGDirectoryTestSuite.java:111)
	at org.apache.maven.surefire.testng.TestNGDirectoryTestSuite.execute(TestNGDirectoryTestSuite.java:98)
	at org.apache.maven.surefire.testng.TestNGProvider.invoke(TestNGProvider.java:155)
	at org.apache.maven.surefire.booter.ForkedBooter.runSuitesInProcess(ForkedBooter.java:456)
	at org.apache.maven.surefire.booter.ForkedBooter.execute(ForkedBooter.java:169)
	at org.apache.maven.surefire.booter.ForkedBooter.run(ForkedBooter.java:595)
	at org.apache.maven.surefire.booter.ForkedBooter.main(ForkedBooter.java:581)
Caused by: java.net.ConnectException: Connection timed out: connect
	at java.base/jdk.internal.reflect.NativeConstructorAccessorImpl.newInstance0(Native Method)
	at java.base/jdk.internal.reflect.NativeConstructorAccessorImpl.newInstance(NativeConstructorAccessorImpl.java:62)
	at java.base/jdk.internal.reflect.DelegatingConstructorAccessorImpl.newInstance(DelegatingConstructorAccessorImpl.java:45)
	at java.base/java.lang.reflect.Constructor.newInstance(Constructor.java:490)
	at java.base/sun.net.www.protocol.http.HttpURLConnection$10.run(HttpURLConnection.java:1974)
	at java.base/sun.net.www.protocol.http.HttpURLConnection$10.run(HttpURLConnection.java:1969)
	at java.base/java.security.AccessController.doPrivileged(Native Method)
	at java.base/sun.net.www.protocol.http.HttpURLConnection.getChainedException(HttpURLConnection.java:1968)
	at java.base/sun.net.www.protocol.http.HttpURLConnection.getInputStream0(HttpURLConnection.java:1536)
	at java.base/sun.net.www.protocol.http.HttpURLConnection.getInputStream(HttpURLConnection.java:1520)
	at java.base/java.net.HttpURLConnection.getResponseCode(HttpURLConnection.java:527)
	at java.base/sun.net.www.protocol.https.HttpsURLConnectionImpl.getResponseCode(HttpsURLConnectionImpl.java:334)
	at io.cucumber.core.plugin.UrlOutputStream.getResponseBody(UrlOutputStream.java:111)
	at io.cucumber.core.plugin.UrlOutputStream.sendRequest(UrlOutputStream.java:83)
	at io.cucumber.core.plugin.UrlOutputStream.close(UrlOutputStream.java:63)
	at java.base/sun.nio.cs.StreamEncoder.implClose(StreamEncoder.java:341)
	at java.base/sun.nio.cs.StreamEncoder.close(StreamEncoder.java:161)
	at java.base/java.io.OutputStreamWriter.close(OutputStreamWriter.java:255)
	at io.cucumber.core.plugin.MessageFormatter.writeMessage(MessageFormatter.java:33)
	... 33 more
Caused by: java.net.ConnectException: Connection timed out: connect
	at java.base/java.net.PlainSocketImpl.connect0(Native Method)
	at java.base/java.net.PlainSocketImpl.socketConnect(PlainSocketImpl.java:101)
	at java.base/java.net.AbstractPlainSocketImpl.doConnect(AbstractPlainSocketImpl.java:412)
	at java.base/java.net.AbstractPlainSocketImpl.connectToAddress(AbstractPlainSocketImpl.java:255)
	at java.base/java.net.AbstractPlainSocketImpl.connect(AbstractPlainSocketImpl.java:237)
	at java.base/java.net.SocksSocketImpl.connect(SocksSocketImpl.java:392)
	at java.base/java.net.Socket.connect(Socket.java:608)
	at java.base/sun.security.ssl.SSLSocketImpl.connect(SSLSocketImpl.java:302)
	at java.base/sun.security.ssl.BaseSSLSocketImpl.connect(BaseSSLSocketImpl.java:173)
	at java.base/sun.net.NetworkClient.doConnect(NetworkClient.java:182)
	at java.base/sun.net.www.http.HttpClient.openServer(HttpClient.java:508)
	at java.base/sun.net.www.http.HttpClient.openServer(HttpClient.java:603)
	at java.base/sun.net.www.protocol.https.HttpsClient.<init>(HttpsClient.java:265)
	at java.base/sun.net.www.protocol.https.HttpsClient.New(HttpsClient.java:372)
	at java.base/sun.net.www.protocol.https.AbstractDelegateHttpsURLConnection.getNewHttpClient(AbstractDelegateHttpsURLConnection.java:207)
	at java.base/sun.net.www.protocol.http.HttpURLConnection.plainConnect0(HttpURLConnection.java:1187)
	at java.base/sun.net.www.protocol.http.HttpURLConnection.plainConnect(HttpURLConnection.java:1081)
	at java.base/sun.net.www.protocol.https.AbstractDelegateHttpsURLConnection.connect(AbstractDelegateHttpsURLConnection.java:193)
	at java.base/sun.net.www.protocol.http.HttpURLConnection.getInputStream0(HttpURLConnection.java:1592)
	at java.base/sun.net.www.protocol.http.HttpURLConnection.getInputStream(HttpURLConnection.java:1520)
	at java.base/sun.net.www.protocol.http.HttpURLConnection.getHeaderFields(HttpURLConnection.java:3137)
	at java.base/sun.net.www.protocol.https.HttpsURLConnectionImpl.getHeaderFields(HttpsURLConnectionImpl.java:279)
	at io.cucumber.core.plugin.UrlOutputStream.getResponseBody(UrlOutputStream.java:110)
	... 39 more
]]></failure>
    <system-out><![CDATA[
@tag1
Scenario: Successful Login with Valid Credentials                                            &amp#27;[90m# src/test/resources/features/PC1Form.feature:8&amp#27;[0m
browser value idedge
Enter the correct browser
  &amp#27;[31mGiven &amp#27;[0m&amp#27;[31mI enter valid username as &amp#27;[0m&amp#27;[31m&amp#27;[1m"sanprathi@gmail.com"&amp#27;[0m&amp#27;[31m and password as &amp#27;[0m&amp#27;[31m&amp#27;[1m"Vimalprabhu-202310"&amp#27;[0m &amp#27;[90m# stepdefinitions.PC1_StepDefinition.i_enter_valid_username_as_and_password_as(java.lang.String,java.lang.String)&amp#27;[0m
      &amp#27;[31morg.openqa.selenium.WebDriverException: unknown error: net::ERR_CONNECTION_TIMED_OUT
  (Session info: MicrosoftEdge=119.0.2151.72)
Build info: version: '3.141.59', revision: 'e82be7d358', time: '2018-11-14T08:17:03'
System info: host: 'DESKTOP-UNVGE05', ip: '192.168.6.51', os.name: 'Windows 11', os.arch: 'amd64', os.version: '10.0', java.version: '11.0.16'
Driver info: org.openqa.selenium.edge.EdgeDriver
Capabilities {acceptInsecureCerts: false, browserName: msedge, browserVersion: 119.0.2151.72, fedcm:accounts: true, javascriptEnabled: true, ms:edgeOptions: {debuggerAddress: localhost:59674}, msedge: {msedgedriverVersion: 119.0.2151.72 (e8225cce8e47..., userDataDir: C:\Users\sanpr\AppData\Loca...}, networkConnectionEnabled: false, pageLoadStrategy: normal, platform: WINDOWS, platformName: WINDOWS, proxy: Proxy(), setWindowRect: true, strictFileInteractability: false, timeouts: {implicit: 0, pageLoad: 300000, script: 30000}, unhandledPromptBehavior: dismiss and notify, webauthn:extension:credBlob: true, webauthn:extension:largeBlob: true, webauthn:extension:minPinLength: true, webauthn:extension:prf: true, webauthn:virtualAuthenticators: true}
Session ID: a65a1dcbc97ad132072ba735691c0f2c
	at java.base/jdk.internal.reflect.NativeConstructorAccessorImpl.newInstance0(Native Method)
	at java.base/jdk.internal.reflect.NativeConstructorAccessorImpl.newInstance(NativeConstructorAccessorImpl.java:62)
	at java.base/jdk.internal.reflect.DelegatingConstructorAccessorImpl.newInstance(DelegatingConstructorAccessorImpl.java:45)
	at java.base/java.lang.reflect.Constructor.newInstance(Constructor.java:490)
	at org.openqa.selenium.remote.http.W3CHttpResponseCodec.createException(W3CHttpResponseCodec.java:187)
	at org.openqa.selenium.remote.http.W3CHttpResponseCodec.decode(W3CHttpResponseCodec.java:122)
	at org.openqa.selenium.remote.http.W3CHttpResponseCodec.decode(W3CHttpResponseCodec.java:49)
	at org.openqa.selenium.remote.HttpCommandExecutor.execute(HttpCommandExecutor.java:158)
	at org.openqa.selenium.remote.service.DriverCommandExecutor.execute(DriverCommandExecutor.java:83)
	at org.openqa.selenium.remote.RemoteWebDriver.execute(RemoteWebDriver.java:552)
	at org.openqa.selenium.remote.RemoteWebDriver.get(RemoteWebDriver.java:277)
	at com.pages.LoginPage.launchApplicaiton(LoginPage.java:29)
	at stepdefinitions.PC1_StepDefinition.i_enter_valid_username_as_and_password_as(PC1_StepDefinition.java:41)
	at âœ½.I enter valid username as "sanprathi@gmail.com" and password as "Vimalprabhu-202310"(file:///C:/Users/sanpr/exlipsefolder2/DFAT_PassportProject/src/test/resources/features/PC1Form.feature:3)
&amp#27;[0m
  &amp#27;[36mWhen &amp#27;[0m&amp#27;[36mI click login&amp#27;[0m                                                                         &amp#27;[90m# stepdefinitions.PC1_StepDefinition.i_click_login()&amp#27;[0m
  &amp#27;[36mThen &amp#27;[0m&amp#27;[36muser is logged in Successfully&amp#27;[0m                                                        &amp#27;[90m# stepdefinitions.PC1_StepDefinition.user_is_logged_in_Successfully()&amp#27;[0m
  &amp#27;[36mGiven &amp#27;[0m&amp#27;[36mI click Start renewal/passport&amp#27;[0m                                                       &amp#27;[90m# stepdefinitions.PC1_StepDefinition.i_click_Start_renewal_passport()&amp#27;[0m
  &amp#27;[36mAnd &amp#27;[0m&amp#27;[36mI read test data for testcase for PC1&amp#27;[0m                                                  &amp#27;[90m# stepdefinitions.PC1_StepDefinition.i_read_test_data_for_testcase_for_pc1()&amp#27;[0m
  &amp#27;[36mWhen &amp#27;[0m&amp#27;[36mI select that I am completing the application for &amp#27;[0m&amp#27;[36m&amp#27;[1m"Myself"&amp#27;[0m                            &amp#27;[90m# stepdefinitions.PC1_StepDefinition.i_select_that_i_am_completing_the_application_for(java.lang.String)&amp#27;[0m
  &amp#27;[36mAnd &amp#27;[0m&amp#27;[36mI enter personal details&amp#27;[0m                                                               &amp#27;[90m# stepdefinitions.PC1_StepDefinition.i_enter_personal_details()&amp#27;[0m
  &amp#27;[36mAnd &amp#27;[0m&amp#27;[36mI enter contact details&amp#27;[0m                                                                &amp#27;[90m# stepdefinitions.PC1_StepDefinition.i_enter_contact_details()&amp#27;[0m
  &amp#27;[36mAnd &amp#27;[0m&amp#27;[36mI enter previous passport details&amp#27;[0m                                                      &amp#27;[90m# stepdefinitions.PC1_StepDefinition.i_enter_previous_passport_details()&amp#27;[0m
  &amp#27;[36mAnd &amp#27;[0m&amp#27;[36mI choose Do you have Australian Birth Certificate as &amp#27;[0m&amp#27;[36m&amp#27;[1m"No"&amp#27;[0m                              &amp#27;[90m# stepdefinitions.PC1_StepDefinition.i_choose_do_you_have_australian_birth_certificate_as(java.lang.String)&amp#27;[0m
  &amp#27;[36mAnd &amp#27;[0m&amp#27;[36mI choose Do you have an Austraial Citizenship Certificate as &amp#27;[0m&amp#27;[36m&amp#27;[1m"Yes"&amp#27;[0m                     &amp#27;[90m# stepdefinitions.PC1_StepDefinition.i_choose_do_you_have_an_austraial_citizenship_certificate_as(java.lang.String)&amp#27;[0m
  &amp#27;[36mAnd &amp#27;[0m&amp#27;[36mI enter Citizenshipdetails&amp#27;[0m                                                             &amp#27;[90m# stepdefinitions.PC1_StepDefinition.i_enter_citizenshipdetails()&amp#27;[0m
  &amp#27;[36mAnd &amp#27;[0m&amp#27;[36mI confirm Identity&amp#27;[0m                                                                     &amp#27;[90m# stepdefinitions.PC1_StepDefinition.i_confirm_identity()&amp#27;[0m
  &amp#27;[36mAnd &amp#27;[0m&amp#27;[36mI confirm Referee details&amp#27;[0m                                                              &amp#27;[90m# stepdefinitions.PC1_StepDefinition.i_confirm_referee_details()&amp#27;[0m
  &amp#27;[36mAnd &amp#27;[0m&amp#27;[36mI enter Emergency contact details&amp#27;[0m                                                      &amp#27;[90m# stepdefinitions.PC1_StepDefinition.i_enter_emergency_contact_details()&amp#27;[0m
  &amp#27;[36mAnd &amp#27;[0m&amp#27;[36mI confirm Passport fees&amp#27;[0m                                                                &amp#27;[90m# stepdefinitions.PC1_StepDefinition.i_confirm_passport_fees()&amp#27;[0m
  &amp#27;[36mAnd &amp#27;[0m&amp#27;[36mI review application and click Next&amp#27;[0m                                                    &amp#27;[90m# stepdefinitions.PC1_StepDefinition.i_review_application_and_click_next()&amp#27;[0m
  &amp#27;[36mThen &amp#27;[0m&amp#27;[36mI can confirm that PC1 applicaiton is launched successfully&amp#27;[0m                           &amp#27;[90m# stepdefinitions.PC1_StepDefinition.i_can_confirm_that_pc1_applicaiton_is_launched_successfully()&amp#27;[0m

    Embedding _S_u_c_c_e_s_s_f_u_l_ _L_o_g_i_n_ _w_i_t_h_ _V_a_l_i_d_ _C_r_e_d_e_n_t_i_a_l_s_ [image/png 29250 bytes]


    Embedding _S_u_c_c_e_s_s_f_u_l_ _L_o_g_i_n_ _w_i_t_h_ _V_a_l_i_d_ _C_r_e_d_e_n_t_i_a_l_s_ [image/png 29250 bytes]

]]></system-out>
    <system-err><![CDATA[SLF4J: Failed to load class "org.slf4j.impl.StaticLoggerBinder".
SLF4J: Defaulting to no-operation (NOP) logger implementation
SLF4J: See http://www.slf4j.org/codes.html#StaticLoggerBinder for further details.
Starting Microsoft Edge WebDriver 119.0.2151.72 (e8225cce8e47b91666db3b4c1a2735e5c6eec139) on port 30051
To submit feedback, report a bug, or suggest new features, please visit https://github.com/MicrosoftEdge/EdgeWebDriver

Only local connections are allowed.
Please see https://aka.ms/WebDriverSecurity for suggestions on keeping Microsoft Edge WebDriver safe.

Microsoft Edge WebDriver was started successfully.
Nov. 21, 2023 8:40:22 AM org.openqa.selenium.remote.ProtocolHandshake createSession
INFO: Detected dialect: W3C
Nov. 21, 2023 8:41:05 AM tech.grasshopper.pdf.PDFCucumberReport collectReportConfiguration
INFO: PDF report configuration YAML file not found. Using default settings.
]]></system-err>
  </testcase>
</testsuite>